Using config: {'_model_dir': 'results/model', '_tf_random_seed': None, '_save_summary_steps': 100, '_save_checkpoints_steps': None, '_save_checkpoints_secs': 10, '_session_config': allow_soft_placement: true
graph_options {
  rewrite_options {
    meta_optimizer_iterations: ONE
  }
}
, '_keep_checkpoint_max': 5, '_keep_checkpoint_every_n_hours': 10000, '_log_step_count_steps': 100, '_train_distribute': None, '_device_fn': None, '_protocol': None, '_eval_distribute': None, '_experimental_distribute': None, '_service': None, '_cluster_spec': <tensorflow.python.training.server_lib.ClusterSpec object at 0x000001B870E714A8>, '_task_type': 'worker', '_task_id': 0, '_global_id_in_cluster': 0, '_master': '', '_evaluation_master': '', '_is_chief': True, '_num_ps_replicas': 0, '_num_worker_replicas': 1}
Not using Distribute Coordinator.
Running training and evaluation locally (non-distributed).
Start train and evaluate loop. The evaluate will happen after every checkpoint. Checkpoint frequency is determined based on RunConfig arguments: save_checkpoints_steps None or save_checkpoints_secs 10.
From C:\Users\86186\.conda\envs\c36\lib\site-packages\tensorflow\python\framework\op_def_library.py:263: colocate_with (from tensorflow.python.framework.ops) is deprecated and will be removed in a future version.
Instructions for updating:
Colocations handled automatically by placer.
From C:\Users\86186\.conda\envs\c36\lib\site-packages\tensorflow\python\data\ops\dataset_ops.py:429: py_func (from tensorflow.python.ops.script_ops) is deprecated and will be removed in a future version.
Instructions for updating:
tf.py_func is deprecated in TF V2. Instead, use
    tf.py_function, which takes a python function which manipulates tf eager
    tensors instead of numpy arrays. It's easy to convert a tf eager tensor to
    an ndarray (just call tensor.numpy()) but having access to eager tensors
    means `tf.py_function`s can use accelerators such as GPUs as well as
    being differentiable using a gradient tape.
    
Calling model_fn.
From C:\Users\86186\chinese_sentiment\model\cnn\main.py:73: dropout (from tensorflow.python.layers.core) is deprecated and will be removed in a future version.
Instructions for updating:
Use keras.layers.dropout instead.
From C:\Users\86186\.conda\envs\c36\lib\site-packages\tensorflow\python\keras\layers\core.py:143: calling dropout (from tensorflow.python.ops.nn_ops) with keep_prob is deprecated and will be removed in a future version.
Instructions for updating:
Please use `rate` instead of `keep_prob`. Rate should be set to `rate = 1 - keep_prob`.
From C:\Users\86186\chinese_sentiment\model\cnn\main.py:80: conv2d (from tensorflow.python.layers.convolutional) is deprecated and will be removed in a future version.
Instructions for updating:
Use keras.layers.conv2d instead.
From C:\Users\86186\chinese_sentiment\model\cnn\main.py:82: max_pooling2d (from tensorflow.python.layers.pooling) is deprecated and will be removed in a future version.
Instructions for updating:
Use keras.layers.max_pooling2d instead.
From C:\Users\86186\chinese_sentiment\model\cnn\main.py:90: dense (from tensorflow.python.layers.core) is deprecated and will be removed in a future version.
Instructions for updating:
Use keras.layers.dense instead.
From C:\Users\86186\.conda\envs\c36\lib\site-packages\tensorflow\python\ops\losses\losses_impl.py:209: to_float (from tensorflow.python.ops.math_ops) is deprecated and will be removed in a future version.
Instructions for updating:
Use tf.cast instead.
From C:\Users\86186\.conda\envs\c36\lib\site-packages\tensorflow\python\ops\metrics_impl.py:2002: div (from tensorflow.python.ops.math_ops) is deprecated and will be removed in a future version.
Instructions for updating:
Deprecated in favor of operator or tf.math.divide.
Done calling model_fn.
Create CheckpointSaverHook.
Graph was finalized.
Running local_init_op.
Done running local_init_op.
Saving checkpoints for 0 into results/model\model.ckpt.
Using config: {'_model_dir': 'results/model', '_tf_random_seed': None, '_save_summary_steps': 100, '_save_checkpoints_steps': None, '_save_checkpoints_secs': 10, '_session_config': allow_soft_placement: true
graph_options {
  rewrite_options {
    meta_optimizer_iterations: ONE
  }
}
, '_keep_checkpoint_max': 5, '_keep_checkpoint_every_n_hours': 10000, '_log_step_count_steps': 100, '_train_distribute': None, '_device_fn': None, '_protocol': None, '_eval_distribute': None, '_experimental_distribute': None, '_service': None, '_cluster_spec': <tensorflow.python.training.server_lib.ClusterSpec object at 0x000001C66A230320>, '_task_type': 'worker', '_task_id': 0, '_global_id_in_cluster': 0, '_master': '', '_evaluation_master': '', '_is_chief': True, '_num_ps_replicas': 0, '_num_worker_replicas': 1}
Not using Distribute Coordinator.
Running training and evaluation locally (non-distributed).
Start train and evaluate loop. The evaluate will happen after every checkpoint. Checkpoint frequency is determined based on RunConfig arguments: save_checkpoints_steps None or save_checkpoints_secs 10.
From C:\Users\86186\.conda\envs\c36\lib\site-packages\tensorflow\python\framework\op_def_library.py:263: colocate_with (from tensorflow.python.framework.ops) is deprecated and will be removed in a future version.
Instructions for updating:
Colocations handled automatically by placer.
From C:\Users\86186\.conda\envs\c36\lib\site-packages\tensorflow\python\data\ops\dataset_ops.py:429: py_func (from tensorflow.python.ops.script_ops) is deprecated and will be removed in a future version.
Instructions for updating:
tf.py_func is deprecated in TF V2. Instead, use
    tf.py_function, which takes a python function which manipulates tf eager
    tensors instead of numpy arrays. It's easy to convert a tf eager tensor to
    an ndarray (just call tensor.numpy()) but having access to eager tensors
    means `tf.py_function`s can use accelerators such as GPUs as well as
    being differentiable using a gradient tape.
    
Calling model_fn.
From C:\Users\86186\chinese_sentiment\model\cnn\main.py:73: dropout (from tensorflow.python.layers.core) is deprecated and will be removed in a future version.
Instructions for updating:
Use keras.layers.dropout instead.
From C:\Users\86186\.conda\envs\c36\lib\site-packages\tensorflow\python\keras\layers\core.py:143: calling dropout (from tensorflow.python.ops.nn_ops) with keep_prob is deprecated and will be removed in a future version.
Instructions for updating:
Please use `rate` instead of `keep_prob`. Rate should be set to `rate = 1 - keep_prob`.
From C:\Users\86186\chinese_sentiment\model\cnn\main.py:80: conv2d (from tensorflow.python.layers.convolutional) is deprecated and will be removed in a future version.
Instructions for updating:
Use keras.layers.conv2d instead.
From C:\Users\86186\chinese_sentiment\model\cnn\main.py:82: max_pooling2d (from tensorflow.python.layers.pooling) is deprecated and will be removed in a future version.
Instructions for updating:
Use keras.layers.max_pooling2d instead.
From C:\Users\86186\chinese_sentiment\model\cnn\main.py:90: dense (from tensorflow.python.layers.core) is deprecated and will be removed in a future version.
Instructions for updating:
Use keras.layers.dense instead.
From C:\Users\86186\.conda\envs\c36\lib\site-packages\tensorflow\python\ops\losses\losses_impl.py:209: to_float (from tensorflow.python.ops.math_ops) is deprecated and will be removed in a future version.
Instructions for updating:
Use tf.cast instead.
From C:\Users\86186\.conda\envs\c36\lib\site-packages\tensorflow\python\ops\metrics_impl.py:2002: div (from tensorflow.python.ops.math_ops) is deprecated and will be removed in a future version.
Instructions for updating:
Deprecated in favor of operator or tf.math.divide.
Done calling model_fn.
Create CheckpointSaverHook.
Graph was finalized.
From C:\Users\86186\.conda\envs\c36\lib\site-packages\tensorflow\python\training\saver.py:1266: checkpoint_exists (from tensorflow.python.training.checkpoint_management) is deprecated and will be removed in a future version.
Instructions for updating:
Use standard file APIs to check for files with this prefix.
Restoring parameters from results/model\model.ckpt-0
From C:\Users\86186\.conda\envs\c36\lib\site-packages\tensorflow\python\training\saver.py:1070: get_checkpoint_mtimes (from tensorflow.python.training.checkpoint_management) is deprecated and will be removed in a future version.
Instructions for updating:
Use standard file utilities to get mtimes.
Running local_init_op.
Done running local_init_op.
Saving checkpoints for 0 into results/model\model.ckpt.
loss = 0.6931472, step = 1
Using config: {'_model_dir': 'results/model', '_tf_random_seed': None, '_save_summary_steps': 100, '_save_checkpoints_steps': None, '_save_checkpoints_secs': 10, '_session_config': allow_soft_placement: true
graph_options {
  rewrite_options {
    meta_optimizer_iterations: ONE
  }
}
, '_keep_checkpoint_max': 5, '_keep_checkpoint_every_n_hours': 10000, '_log_step_count_steps': 100, '_train_distribute': None, '_device_fn': None, '_protocol': None, '_eval_distribute': None, '_experimental_distribute': None, '_service': None, '_cluster_spec': <tensorflow.python.training.server_lib.ClusterSpec object at 0x000001D29307F5C0>, '_task_type': 'worker', '_task_id': 0, '_global_id_in_cluster': 0, '_master': '', '_evaluation_master': '', '_is_chief': True, '_num_ps_replicas': 0, '_num_worker_replicas': 1}
Not using Distribute Coordinator.
Running training and evaluation locally (non-distributed).
Start train and evaluate loop. The evaluate will happen after every checkpoint. Checkpoint frequency is determined based on RunConfig arguments: save_checkpoints_steps None or save_checkpoints_secs 10.
From C:\Users\86186\.conda\envs\c36\lib\site-packages\tensorflow\python\framework\op_def_library.py:263: colocate_with (from tensorflow.python.framework.ops) is deprecated and will be removed in a future version.
Instructions for updating:
Colocations handled automatically by placer.
From C:\Users\86186\.conda\envs\c36\lib\site-packages\tensorflow\python\data\ops\dataset_ops.py:429: py_func (from tensorflow.python.ops.script_ops) is deprecated and will be removed in a future version.
Instructions for updating:
tf.py_func is deprecated in TF V2. Instead, use
    tf.py_function, which takes a python function which manipulates tf eager
    tensors instead of numpy arrays. It's easy to convert a tf eager tensor to
    an ndarray (just call tensor.numpy()) but having access to eager tensors
    means `tf.py_function`s can use accelerators such as GPUs as well as
    being differentiable using a gradient tape.
    
Calling model_fn.
From C:\Users\86186\chinese_sentiment\model\cnn\main.py:73: dropout (from tensorflow.python.layers.core) is deprecated and will be removed in a future version.
Instructions for updating:
Use keras.layers.dropout instead.
From C:\Users\86186\.conda\envs\c36\lib\site-packages\tensorflow\python\keras\layers\core.py:143: calling dropout (from tensorflow.python.ops.nn_ops) with keep_prob is deprecated and will be removed in a future version.
Instructions for updating:
Please use `rate` instead of `keep_prob`. Rate should be set to `rate = 1 - keep_prob`.
From C:\Users\86186\chinese_sentiment\model\cnn\main.py:80: conv2d (from tensorflow.python.layers.convolutional) is deprecated and will be removed in a future version.
Instructions for updating:
Use keras.layers.conv2d instead.
From C:\Users\86186\chinese_sentiment\model\cnn\main.py:82: max_pooling2d (from tensorflow.python.layers.pooling) is deprecated and will be removed in a future version.
Instructions for updating:
Use keras.layers.max_pooling2d instead.
From C:\Users\86186\chinese_sentiment\model\cnn\main.py:90: dense (from tensorflow.python.layers.core) is deprecated and will be removed in a future version.
Instructions for updating:
Use keras.layers.dense instead.
From C:\Users\86186\.conda\envs\c36\lib\site-packages\tensorflow\python\ops\losses\losses_impl.py:209: to_float (from tensorflow.python.ops.math_ops) is deprecated and will be removed in a future version.
Instructions for updating:
Use tf.cast instead.
From C:\Users\86186\.conda\envs\c36\lib\site-packages\tensorflow\python\ops\metrics_impl.py:2002: div (from tensorflow.python.ops.math_ops) is deprecated and will be removed in a future version.
Instructions for updating:
Deprecated in favor of operator or tf.math.divide.
Done calling model_fn.
Create CheckpointSaverHook.
Graph was finalized.
From C:\Users\86186\.conda\envs\c36\lib\site-packages\tensorflow\python\training\saver.py:1266: checkpoint_exists (from tensorflow.python.training.checkpoint_management) is deprecated and will be removed in a future version.
Instructions for updating:
Use standard file APIs to check for files with this prefix.
Restoring parameters from results/model\model.ckpt-0
From C:\Users\86186\.conda\envs\c36\lib\site-packages\tensorflow\python\training\saver.py:1070: get_checkpoint_mtimes (from tensorflow.python.training.checkpoint_management) is deprecated and will be removed in a future version.
Instructions for updating:
Use standard file utilities to get mtimes.
Running local_init_op.
Done running local_init_op.
Saving checkpoints for 0 into results/model\model.ckpt.
loss = 0.6931472, step = 1
global_step/sec: 32.063
loss = 0.63784856, step = 101 (3.121 sec)
global_step/sec: 32.4373
loss = 0.7199578, step = 201 (3.082 sec)
global_step/sec: 31.8031
loss = 0.703935, step = 301 (3.144 sec)
Saving checkpoints for 311 into results/model\model.ckpt.
Calling model_fn.
Done calling model_fn.
Starting evaluation at 2023-05-06T12:40:11Z
Graph was finalized.
Restoring parameters from results/model\model.ckpt-311
Running local_init_op.
Done running local_init_op.
Evaluation [10/100]
Evaluation [20/100]
Evaluation [30/100]
Evaluation [40/100]
Evaluation [50/100]
Evaluation [60/100]
Evaluation [70/100]
Evaluation [80/100]
Finished evaluation at 2023-05-06-12:40:12
Saving dict for global step 311: acc = 0.5, global_step = 311, loss = 0.69410694, precision = 0.5, recall = 1.0
Saving 'checkpoint_path' summary for global step 311: results/model\model.ckpt-311
global_step/sec: 18.5344
loss = 0.6537404, step = 401 (5.394 sec)
global_step/sec: 32.4509
loss = 0.69943523, step = 501 (3.082 sec)
Saving checkpoints for 560 into results/model\model.ckpt.
Calling model_fn.
Done calling model_fn.
Starting evaluation at 2023-05-06T12:40:21Z
Graph was finalized.
Restoring parameters from results/model\model.ckpt-560
Running local_init_op.
Done running local_init_op.
Evaluation [10/100]
Evaluation [20/100]
Evaluation [30/100]
Evaluation [40/100]
Evaluation [50/100]
Evaluation [60/100]
Evaluation [70/100]
Evaluation [80/100]
Finished evaluation at 2023-05-06-12:40:23
Saving dict for global step 560: acc = 0.5, global_step = 560, loss = 0.6965387, precision = 0.5, recall = 1.0
Saving 'checkpoint_path' summary for global step 560: results/model\model.ckpt-560
global_step/sec: 19.0612
loss = 0.6613496, step = 601 (5.247 sec)
global_step/sec: 31.8002
loss = 0.65795964, step = 701 (3.145 sec)
global_step/sec: 31.5991
loss = 0.6750679, step = 801 (3.164 sec)
Saving checkpoints for 811 into results/model\model.ckpt.
Calling model_fn.
Done calling model_fn.
Starting evaluation at 2023-05-06T12:40:31Z
Graph was finalized.
Restoring parameters from results/model\model.ckpt-811
Running local_init_op.
Done running local_init_op.
Evaluation [10/100]
Evaluation [20/100]
Evaluation [30/100]
Evaluation [40/100]
Evaluation [50/100]
Evaluation [60/100]
Evaluation [70/100]
Evaluation [80/100]
Finished evaluation at 2023-05-06-12:40:33
Saving dict for global step 811: acc = 0.5, global_step = 811, loss = 0.70237315, precision = 0.5, recall = 1.0
Saving 'checkpoint_path' summary for global step 811: results/model\model.ckpt-811
global_step/sec: 18.9563
loss = 0.7161896, step = 901 (5.275 sec)
global_step/sec: 31.1614
loss = 0.68948555, step = 1001 (3.209 sec)
Saving checkpoints for 1059 into results/model\model.ckpt.
Calling model_fn.
Done calling model_fn.
Starting evaluation at 2023-05-06T12:40:41Z
Graph was finalized.
Restoring parameters from results/model\model.ckpt-1059
Running local_init_op.
Done running local_init_op.
Evaluation [10/100]
Evaluation [20/100]
Evaluation [30/100]
Evaluation [40/100]
Evaluation [50/100]
Evaluation [60/100]
Evaluation [70/100]
Evaluation [80/100]
Finished evaluation at 2023-05-06-12:40:43
Saving dict for global step 1059: acc = 0.5, global_step = 1059, loss = 0.69676954, precision = 0.5, recall = 1.0
Saving 'checkpoint_path' summary for global step 1059: results/model\model.ckpt-1059
global_step/sec: 18.6631
loss = 0.68838817, step = 1101 (5.358 sec)
global_step/sec: 30.6414
loss = 0.6881447, step = 1201 (3.265 sec)
Saving checkpoints for 1300 into results/model\model.ckpt.
From C:\Users\86186\.conda\envs\c36\lib\site-packages\tensorflow\python\training\saver.py:966: remove_checkpoint (from tensorflow.python.training.checkpoint_management) is deprecated and will be removed in a future version.
Instructions for updating:
Use standard file APIs to delete files with this prefix.
Calling model_fn.
Done calling model_fn.
Starting evaluation at 2023-05-06T12:40:51Z
Graph was finalized.
Restoring parameters from results/model\model.ckpt-1300
Running local_init_op.
Done running local_init_op.
Evaluation [10/100]
Evaluation [20/100]
Evaluation [30/100]
Evaluation [40/100]
Evaluation [50/100]
Evaluation [60/100]
Evaluation [70/100]
Evaluation [80/100]
Finished evaluation at 2023-05-06-12:40:53
Saving dict for global step 1300: acc = 0.5, global_step = 1300, loss = 0.69525355, precision = 0.5, recall = 1.0
Saving 'checkpoint_path' summary for global step 1300: results/model\model.ckpt-1300
global_step/sec: 18.1798
loss = 0.69525373, step = 1301 (5.499 sec)
global_step/sec: 30.7312
loss = 0.6547369, step = 1401 (3.254 sec)
global_step/sec: 30.6427
loss = 0.6885248, step = 1501 (3.263 sec)
Saving checkpoints for 1539 into results/model\model.ckpt.
Skip the current checkpoint eval due to throttle secs (10 secs).
global_step/sec: 28.1913
loss = 0.6955253, step = 1601 (3.548 sec)
global_step/sec: 30.5058
loss = 0.6643633, step = 1701 (3.277 sec)
global_step/sec: 29.3349
loss = 0.7026597, step = 1801 (3.409 sec)
Saving checkpoints for 1830 into results/model\model.ckpt.
Calling model_fn.
Done calling model_fn.
Starting evaluation at 2023-05-06T12:41:11Z
Graph was finalized.
Restoring parameters from results/model\model.ckpt-1830
Running local_init_op.
Done running local_init_op.
Evaluation [10/100]
Evaluation [20/100]
Evaluation [30/100]
Evaluation [40/100]
Evaluation [50/100]
Evaluation [60/100]
Evaluation [70/100]
Evaluation [80/100]
Finished evaluation at 2023-05-06-12:41:13
Saving dict for global step 1830: acc = 0.5, global_step = 1830, loss = 0.7000902, precision = 0.5, recall = 1.0
Saving 'checkpoint_path' summary for global step 1830: results/model\model.ckpt-1830
global_step/sec: 17.5291
loss = 0.7109602, step = 1901 (5.706 sec)
global_step/sec: 27.957
loss = 0.6829848, step = 2001 (3.577 sec)
Saving checkpoints for 2051 into results/model\model.ckpt.
Calling model_fn.
Done calling model_fn.
Starting evaluation at 2023-05-06T12:41:21Z
Graph was finalized.
Restoring parameters from results/model\model.ckpt-2051
Running local_init_op.
Done running local_init_op.
Evaluation [10/100]
Evaluation [20/100]
Evaluation [30/100]
Evaluation [40/100]
Evaluation [50/100]
Evaluation [60/100]
Evaluation [70/100]
Evaluation [80/100]
Finished evaluation at 2023-05-06-12:41:23
Saving dict for global step 2051: acc = 0.5, global_step = 2051, loss = 0.69790035, precision = 0.5, recall = 1.0
Saving 'checkpoint_path' summary for global step 2051: results/model\model.ckpt-2051
global_step/sec: 17.7318
loss = 0.70264286, step = 2101 (5.640 sec)
global_step/sec: 27.951
loss = 0.7066347, step = 2201 (3.578 sec)
Saving checkpoints for 2274 into results/model\model.ckpt.
Calling model_fn.
Done calling model_fn.
Starting evaluation at 2023-05-06T12:41:31Z
Graph was finalized.
Restoring parameters from results/model\model.ckpt-2274
Running local_init_op.
Done running local_init_op.
Evaluation [10/100]
Evaluation [20/100]
Evaluation [30/100]
Evaluation [40/100]
Evaluation [50/100]
Evaluation [60/100]
Evaluation [70/100]
Evaluation [80/100]
Finished evaluation at 2023-05-06-12:41:33
Saving dict for global step 2274: acc = 0.5, global_step = 2274, loss = 0.69493663, precision = 0.5, recall = 1.0
Saving 'checkpoint_path' summary for global step 2274: results/model\model.ckpt-2274
global_step/sec: 17.8642
loss = 0.67436373, step = 2301 (5.597 sec)
global_step/sec: 27.9149
loss = 0.62455505, step = 2401 (3.582 sec)
Saving checkpoints for 2497 into results/model\model.ckpt.
Skip the current checkpoint eval due to throttle secs (10 secs).
global_step/sec: 26.367
loss = 0.70973253, step = 2501 (3.794 sec)
global_step/sec: 28.437
loss = 0.6887043, step = 2601 (3.515 sec)
global_step/sec: 28.0407
loss = 0.6449863, step = 2701 (3.566 sec)
Saving checkpoints for 2772 into results/model\model.ckpt.
Calling model_fn.
Done calling model_fn.
Starting evaluation at 2023-05-06T12:41:51Z
Graph was finalized.
Restoring parameters from results/model\model.ckpt-2772
Running local_init_op.
Done running local_init_op.
Evaluation [10/100]
Evaluation [20/100]
Evaluation [30/100]
Evaluation [40/100]
Evaluation [50/100]
Evaluation [60/100]
Evaluation [70/100]
Evaluation [80/100]
Finished evaluation at 2023-05-06-12:41:53
Saving dict for global step 2772: acc = 0.5, global_step = 2772, loss = 0.7006203, precision = 0.5, recall = 1.0
Saving 'checkpoint_path' summary for global step 2772: results/model\model.ckpt-2772
global_step/sec: 17.4777
loss = 0.70923704, step = 2801 (5.723 sec)
global_step/sec: 28.0038
loss = 0.6884735, step = 2901 (3.573 sec)
Saving checkpoints for 2990 into results/model\model.ckpt.
Calling model_fn.
Done calling model_fn.
Starting evaluation at 2023-05-06T12:42:01Z
Graph was finalized.
Restoring parameters from results/model\model.ckpt-2990
Running local_init_op.
Done running local_init_op.
Evaluation [10/100]
Evaluation [20/100]
Evaluation [30/100]
Evaluation [40/100]
Evaluation [50/100]
Evaluation [60/100]
Evaluation [70/100]
Evaluation [80/100]
Finished evaluation at 2023-05-06-12:42:03
Saving dict for global step 2990: acc = 0.5, global_step = 2990, loss = 0.6951918, precision = 0.5, recall = 1.0
Saving 'checkpoint_path' summary for global step 2990: results/model\model.ckpt-2990
global_step/sec: 17.448
loss = 0.702716, step = 3001 (5.730 sec)
global_step/sec: 28.5284
loss = 0.67518216, step = 3101 (3.504 sec)
global_step/sec: 28.2386
loss = 0.71675384, step = 3201 (3.542 sec)
Saving checkpoints for 3214 into results/model\model.ckpt.
Skip the current checkpoint eval due to throttle secs (10 secs).
global_step/sec: 26.4727
loss = 0.67343247, step = 3301 (3.776 sec)
global_step/sec: 28.0997
loss = 0.66197515, step = 3401 (3.560 sec)
Saving checkpoints for 3485 into results/model\model.ckpt.
Calling model_fn.
Done calling model_fn.
Starting evaluation at 2023-05-06T12:42:21Z
Graph was finalized.
Restoring parameters from results/model\model.ckpt-3485
Running local_init_op.
Done running local_init_op.
Evaluation [10/100]
Evaluation [20/100]
Evaluation [30/100]
Evaluation [40/100]
Evaluation [50/100]
Evaluation [60/100]
Evaluation [70/100]
Evaluation [80/100]
Finished evaluation at 2023-05-06-12:42:23
Saving dict for global step 3485: acc = 0.5, global_step = 3485, loss = 0.69878155, precision = 0.5, recall = 1.0
Saving 'checkpoint_path' summary for global step 3485: results/model\model.ckpt-3485
global_step/sec: 16.967
loss = 0.7073574, step = 3501 (5.894 sec)
global_step/sec: 26.9698
loss = 0.67233765, step = 3601 (3.708 sec)
Saving checkpoints for 3697 into results/model\model.ckpt.
Calling model_fn.
Done calling model_fn.
Starting evaluation at 2023-05-06T12:42:31Z
Graph was finalized.
Restoring parameters from results/model\model.ckpt-3697
Running local_init_op.
Done running local_init_op.
Evaluation [10/100]
Evaluation [20/100]
Evaluation [30/100]
Evaluation [40/100]
Evaluation [50/100]
Evaluation [60/100]
Evaluation [70/100]
Evaluation [80/100]
Finished evaluation at 2023-05-06-12:42:33
Saving dict for global step 3697: acc = 0.5, global_step = 3697, loss = 0.6995485, precision = 0.5, recall = 1.0
Saving 'checkpoint_path' summary for global step 3697: results/model\model.ckpt-3697
global_step/sec: 16.8769
loss = 0.6532983, step = 3701 (5.925 sec)
global_step/sec: 27.0595
loss = 0.6760222, step = 3801 (3.695 sec)
global_step/sec: 27.1193
loss = 0.67574584, step = 3901 (3.688 sec)
Saving checkpoints for 3908 into results/model\model.ckpt.
Calling model_fn.
Done calling model_fn.
Starting evaluation at 2023-05-06T12:42:41Z
Graph was finalized.
Restoring parameters from results/model\model.ckpt-3908
Running local_init_op.
Done running local_init_op.
Evaluation [10/100]
Evaluation [20/100]
Evaluation [30/100]
Evaluation [40/100]
Evaluation [50/100]
Evaluation [60/100]
Evaluation [70/100]
Evaluation [80/100]
Finished evaluation at 2023-05-06-12:42:43
Saving dict for global step 3908: acc = 0.5, global_step = 3908, loss = 0.6949812, precision = 0.5, recall = 1.0
Saving 'checkpoint_path' summary for global step 3908: results/model\model.ckpt-3908
global_step/sec: 16.8862
loss = 0.68097943, step = 4001 (5.922 sec)
global_step/sec: 27.0592
loss = 0.7268373, step = 4101 (3.696 sec)
Saving checkpoints for 4118 into results/model\model.ckpt.
Skip the current checkpoint eval due to throttle secs (10 secs).
global_step/sec: 25.1064
loss = 0.7202419, step = 4201 (3.983 sec)
global_step/sec: 27.1037
loss = 0.6952636, step = 4301 (3.690 sec)
Saving checkpoints for 4382 into results/model\model.ckpt.
Calling model_fn.
Done calling model_fn.
Starting evaluation at 2023-05-06T12:43:01Z
Graph was finalized.
Restoring parameters from results/model\model.ckpt-4382
Running local_init_op.
Done running local_init_op.
Evaluation [10/100]
Evaluation [20/100]
Evaluation [30/100]
Evaluation [40/100]
Evaluation [50/100]
Evaluation [60/100]
Evaluation [70/100]
Evaluation [80/100]
Finished evaluation at 2023-05-06-12:43:03
Saving dict for global step 4382: acc = 0.5, global_step = 4382, loss = 0.7029721, precision = 0.5, recall = 1.0
Saving 'checkpoint_path' summary for global step 4382: results/model\model.ckpt-4382
global_step/sec: 17.2405
loss = 0.6746278, step = 4401 (5.800 sec)
global_step/sec: 26.8213
loss = 0.68814516, step = 4501 (3.727 sec)
Saving checkpoints for 4595 into results/model\model.ckpt.
Calling model_fn.
Done calling model_fn.
Starting evaluation at 2023-05-06T12:43:11Z
Graph was finalized.
Restoring parameters from results/model\model.ckpt-4595
Running local_init_op.
Done running local_init_op.
Evaluation [10/100]
Evaluation [20/100]
Evaluation [30/100]
Evaluation [40/100]
Evaluation [50/100]
Evaluation [60/100]
Evaluation [70/100]
Evaluation [80/100]
Finished evaluation at 2023-05-06-12:43:13
Saving dict for global step 4595: acc = 0.5, global_step = 4595, loss = 0.69429433, precision = 0.5, recall = 1.0
Saving 'checkpoint_path' summary for global step 4595: results/model\model.ckpt-4595
global_step/sec: 17.1716
loss = 0.68952596, step = 4601 (5.825 sec)
global_step/sec: 27.5148
loss = 0.7121176, step = 4701 (3.634 sec)
global_step/sec: 28.0201
loss = 0.6564523, step = 4801 (3.569 sec)
Saving checkpoints for 4813 into results/model\model.ckpt.
Skip the current checkpoint eval due to throttle secs (10 secs).
global_step/sec: 25.2516
loss = 0.70123136, step = 4901 (3.959 sec)
global_step/sec: 25.7592
loss = 0.66948116, step = 5001 (3.883 sec)
Saving checkpoints for 5068 into results/model\model.ckpt.
Calling model_fn.
Done calling model_fn.
Starting evaluation at 2023-05-06T12:43:31Z
Graph was finalized.
Restoring parameters from results/model\model.ckpt-5068
Running local_init_op.
Done running local_init_op.
Evaluation [10/100]
Evaluation [20/100]
Evaluation [30/100]
Evaluation [40/100]
Evaluation [50/100]
Evaluation [60/100]
Evaluation [70/100]
Evaluation [80/100]
Finished evaluation at 2023-05-06-12:43:33
Saving dict for global step 5068: acc = 0.5, global_step = 5068, loss = 0.70202243, precision = 0.5, recall = 1.0
Saving 'checkpoint_path' summary for global step 5068: results/model\model.ckpt-5068
global_step/sec: 16.437
loss = 0.736952, step = 5101 (6.083 sec)
global_step/sec: 25.8921
loss = 0.7038678, step = 5201 (3.863 sec)
Saving checkpoints for 5269 into results/model\model.ckpt.
Calling model_fn.
Done calling model_fn.
Starting evaluation at 2023-05-06T12:43:41Z
Graph was finalized.
Restoring parameters from results/model\model.ckpt-5269
Running local_init_op.
Done running local_init_op.
Evaluation [10/100]
Evaluation [20/100]
Evaluation [30/100]
Evaluation [40/100]
Evaluation [50/100]
Evaluation [60/100]
Evaluation [70/100]
Evaluation [80/100]
Finished evaluation at 2023-05-06-12:43:43
Saving dict for global step 5269: acc = 0.5, global_step = 5269, loss = 0.6945127, precision = 0.5, recall = 1.0
Saving 'checkpoint_path' summary for global step 5269: results/model\model.ckpt-5269
global_step/sec: 16.4265
loss = 0.6760238, step = 5301 (6.088 sec)
global_step/sec: 25.9091
loss = 0.6748787, step = 5401 (3.859 sec)
Saving checkpoints for 5471 into results/model\model.ckpt.
Calling model_fn.
Done calling model_fn.
Starting evaluation at 2023-05-06T12:43:51Z
Graph was finalized.
Restoring parameters from results/model\model.ckpt-5471
Running local_init_op.
Done running local_init_op.
Evaluation [10/100]
Evaluation [20/100]
Evaluation [30/100]
Evaluation [40/100]
Evaluation [50/100]
Evaluation [60/100]
Evaluation [70/100]
Evaluation [80/100]
Finished evaluation at 2023-05-06-12:43:53
Saving dict for global step 5471: acc = 0.5, global_step = 5471, loss = 0.6986464, precision = 0.5, recall = 1.0
Saving 'checkpoint_path' summary for global step 5471: results/model\model.ckpt-5471
global_step/sec: 16.429
loss = 0.72529036, step = 5501 (6.087 sec)
global_step/sec: 26.2934
loss = 0.66833496, step = 5601 (3.805 sec)
Saving checkpoints for 5675 into results/model\model.ckpt.
Calling model_fn.
Done calling model_fn.
Starting evaluation at 2023-05-06T12:44:02Z
Graph was finalized.
Restoring parameters from results/model\model.ckpt-5675
Running local_init_op.
Done running local_init_op.
Evaluation [10/100]
Evaluation [20/100]
Evaluation [30/100]
Evaluation [40/100]
Evaluation [50/100]
Evaluation [60/100]
Evaluation [70/100]
Evaluation [80/100]
Finished evaluation at 2023-05-06-12:44:03
Saving dict for global step 5675: acc = 0.5, global_step = 5675, loss = 0.69925755, precision = 0.5, recall = 1.0
Saving 'checkpoint_path' summary for global step 5675: results/model\model.ckpt-5675
global_step/sec: 15.4894
loss = 0.7273029, step = 5701 (6.455 sec)
global_step/sec: 24.3593
loss = 0.6980038, step = 5801 (4.105 sec)
Saving checkpoints for 5857 into results/model\model.ckpt.
Calling model_fn.
Done calling model_fn.
Starting evaluation at 2023-05-06T12:44:12Z
Graph was finalized.
Restoring parameters from results/model\model.ckpt-5857
Running local_init_op.
Done running local_init_op.
Evaluation [10/100]
Evaluation [20/100]
Evaluation [30/100]
Evaluation [40/100]
Evaluation [50/100]
Evaluation [60/100]
Evaluation [70/100]
Evaluation [80/100]
Finished evaluation at 2023-05-06-12:44:13
Saving dict for global step 5857: acc = 0.5, global_step = 5857, loss = 0.69560045, precision = 0.5, recall = 1.0
Saving 'checkpoint_path' summary for global step 5857: results/model\model.ckpt-5857
global_step/sec: 14.9331
loss = 0.6777631, step = 5901 (6.697 sec)
global_step/sec: 24.2476
loss = 0.62036204, step = 6001 (4.124 sec)
Saving checkpoints for 6037 into results/model\model.ckpt.
Calling model_fn.
Done calling model_fn.
Starting evaluation at 2023-05-06T12:44:22Z
Graph was finalized.
Restoring parameters from results/model\model.ckpt-6037
Running local_init_op.
Done running local_init_op.
Evaluation [10/100]
Evaluation [20/100]
Evaluation [30/100]
Evaluation [40/100]
Evaluation [50/100]
Evaluation [60/100]
Evaluation [70/100]
Evaluation [80/100]
Finished evaluation at 2023-05-06-12:44:23
Saving dict for global step 6037: acc = 0.5, global_step = 6037, loss = 0.7032336, precision = 0.5, recall = 1.0
Saving 'checkpoint_path' summary for global step 6037: results/model\model.ckpt-6037
global_step/sec: 14.887
loss = 0.6758046, step = 6101 (6.717 sec)
global_step/sec: 24.1383
loss = 0.6953638, step = 6201 (4.143 sec)
Saving checkpoints for 6218 into results/model\model.ckpt.
Calling model_fn.
Done calling model_fn.
Starting evaluation at 2023-05-06T12:44:32Z
Graph was finalized.
Restoring parameters from results/model\model.ckpt-6218
Running local_init_op.
Done running local_init_op.
Evaluation [10/100]
Evaluation [20/100]
Evaluation [30/100]
Evaluation [40/100]
Evaluation [50/100]
Evaluation [60/100]
Evaluation [70/100]
Evaluation [80/100]
Finished evaluation at 2023-05-06-12:44:33
Saving dict for global step 6218: acc = 0.5, global_step = 6218, loss = 0.69477206, precision = 0.5, recall = 1.0
Saving 'checkpoint_path' summary for global step 6218: results/model\model.ckpt-6218
global_step/sec: 15.7294
loss = 0.68121177, step = 6301 (6.358 sec)
global_step/sec: 24.8007
loss = 0.70076066, step = 6401 (4.031 sec)
Saving checkpoints for 6409 into results/model\model.ckpt.
Calling model_fn.
Done calling model_fn.
Starting evaluation at 2023-05-06T12:44:42Z
Graph was finalized.
Restoring parameters from results/model\model.ckpt-6409
Running local_init_op.
Done running local_init_op.
Evaluation [10/100]
Evaluation [20/100]
Evaluation [30/100]
Evaluation [40/100]
Evaluation [50/100]
Evaluation [60/100]
Evaluation [70/100]
Evaluation [80/100]
Finished evaluation at 2023-05-06-12:44:43
Saving dict for global step 6409: acc = 0.5, global_step = 6409, loss = 0.7004834, precision = 0.5, recall = 1.0
Saving 'checkpoint_path' summary for global step 6409: results/model\model.ckpt-6409
global_step/sec: 15.2883
loss = 0.69622874, step = 6501 (6.542 sec)
Saving checkpoints for 6597 into results/model\model.ckpt.
Skip the current checkpoint eval due to throttle secs (10 secs).
global_step/sec: 23.6327
loss = 0.68897665, step = 6601 (4.231 sec)
global_step/sec: 25.3276
loss = 0.72960943, step = 6701 (3.948 sec)
global_step/sec: 24.9422
loss = 0.6442462, step = 6801 (4.009 sec)
Saving checkpoints for 6842 into results/model\model.ckpt.
Calling model_fn.
Done calling model_fn.
Starting evaluation at 2023-05-06T12:45:02Z
Graph was finalized.
Restoring parameters from results/model\model.ckpt-6842
Running local_init_op.
Done running local_init_op.
Evaluation [10/100]
Evaluation [20/100]
Evaluation [30/100]
Evaluation [40/100]
Evaluation [50/100]
Evaluation [60/100]
Evaluation [70/100]
Evaluation [80/100]
Finished evaluation at 2023-05-06-12:45:03
Saving dict for global step 6842: acc = 0.5, global_step = 6842, loss = 0.6959158, precision = 0.5, recall = 1.0
Saving 'checkpoint_path' summary for global step 6842: results/model\model.ckpt-6842
global_step/sec: 15.349
loss = 0.6838693, step = 6901 (6.515 sec)
global_step/sec: 23.9403
loss = 0.6495414, step = 7001 (4.176 sec)
Saving checkpoints for 7025 into results/model\model.ckpt.
Calling model_fn.
Done calling model_fn.
Starting evaluation at 2023-05-06T12:45:12Z
Graph was finalized.
Restoring parameters from results/model\model.ckpt-7025
Running local_init_op.
Done running local_init_op.
Evaluation [10/100]
Evaluation [20/100]
Evaluation [30/100]
Evaluation [40/100]
Evaluation [50/100]
Evaluation [60/100]
Evaluation [70/100]
Evaluation [80/100]
Finished evaluation at 2023-05-06-12:45:13
Saving dict for global step 7025: acc = 0.5, global_step = 7025, loss = 0.7028069, precision = 0.5, recall = 1.0
Saving 'checkpoint_path' summary for global step 7025: results/model\model.ckpt-7025
global_step/sec: 14.5997
loss = 0.70848787, step = 7101 (6.851 sec)
Saving checkpoints for 7195 into results/model\model.ckpt.
Calling model_fn.
Done calling model_fn.
Starting evaluation at 2023-05-06T12:45:22Z
Graph was finalized.
Restoring parameters from results/model\model.ckpt-7195
Running local_init_op.
Done running local_init_op.
Evaluation [10/100]
Evaluation [20/100]
Evaluation [30/100]
Evaluation [40/100]
Evaluation [50/100]
Evaluation [60/100]
Evaluation [70/100]
Evaluation [80/100]
Finished evaluation at 2023-05-06-12:45:24
Saving dict for global step 7195: acc = 0.5, global_step = 7195, loss = 0.6952441, precision = 0.5, recall = 1.0
Saving 'checkpoint_path' summary for global step 7195: results/model\model.ckpt-7195
global_step/sec: 13.0748
loss = 0.69507617, step = 7201 (7.648 sec)
global_step/sec: 24.0751
loss = 0.6413433, step = 7301 (4.154 sec)
Saving checkpoints for 7359 into results/model\model.ckpt.
Skip the current checkpoint eval due to throttle secs (10 secs).
global_step/sec: 22.2824
loss = 0.62891084, step = 7401 (4.488 sec)
global_step/sec: 23.7196
loss = 0.71870935, step = 7501 (4.216 sec)
Saving checkpoints for 7591 into results/model\model.ckpt.
Calling model_fn.
Done calling model_fn.
Starting evaluation at 2023-05-06T12:45:42Z
Graph was finalized.
Restoring parameters from results/model\model.ckpt-7591
Running local_init_op.
Done running local_init_op.
Evaluation [10/100]
Evaluation [20/100]
Evaluation [30/100]
Evaluation [40/100]
Evaluation [50/100]
Evaluation [60/100]
Evaluation [70/100]
Evaluation [80/100]
Finished evaluation at 2023-05-06-12:45:43
Saving dict for global step 7591: acc = 0.5, global_step = 7591, loss = 0.6951289, precision = 0.5, recall = 1.0
Saving 'checkpoint_path' summary for global step 7591: results/model\model.ckpt-7591
global_step/sec: 15.0905
loss = 0.6818876, step = 7601 (6.627 sec)
global_step/sec: 24.333
loss = 0.7148615, step = 7701 (4.109 sec)
Saving checkpoints for 7773 into results/model\model.ckpt.
Calling model_fn.
Done calling model_fn.
Starting evaluation at 2023-05-06T12:45:52Z
Graph was finalized.
Restoring parameters from results/model\model.ckpt-7773
Running local_init_op.
Done running local_init_op.
Evaluation [10/100]
Evaluation [20/100]
Evaluation [30/100]
Evaluation [40/100]
Evaluation [50/100]
Evaluation [60/100]
Evaluation [70/100]
Evaluation [80/100]
Finished evaluation at 2023-05-06-12:45:53
Saving dict for global step 7773: acc = 0.5, global_step = 7773, loss = 0.6981703, precision = 0.5, recall = 1.0
Saving 'checkpoint_path' summary for global step 7773: results/model\model.ckpt-7773
global_step/sec: 13.3586
loss = 0.6969633, step = 7801 (7.487 sec)
global_step/sec: 23.685
loss = 0.68364155, step = 7901 (4.222 sec)
Saving checkpoints for 7933 into results/model\model.ckpt.
Calling model_fn.
Done calling model_fn.
Starting evaluation at 2023-05-06T12:46:02Z
Graph was finalized.
Restoring parameters from results/model\model.ckpt-7933
Running local_init_op.
Done running local_init_op.
Evaluation [10/100]
Evaluation [20/100]
Evaluation [30/100]
Evaluation [40/100]
Evaluation [50/100]
Evaluation [60/100]
Evaluation [70/100]
Evaluation [80/100]
Finished evaluation at 2023-05-06-12:46:04
Saving dict for global step 7933: acc = 0.5, global_step = 7933, loss = 0.69569343, precision = 0.5, recall = 1.0
Saving 'checkpoint_path' summary for global step 7933: results/model\model.ckpt-7933
global_step/sec: 14.8375
loss = 0.6759087, step = 8001 (6.740 sec)
global_step/sec: 24.7426
loss = 0.69837976, step = 8101 (4.042 sec)
Saving checkpoints for 8114 into results/model\model.ckpt.
Calling model_fn.
Done calling model_fn.
Starting evaluation at 2023-05-06T12:46:12Z
Graph was finalized.
Restoring parameters from results/model\model.ckpt-8114
Running local_init_op.
Done running local_init_op.
Evaluation [10/100]
Evaluation [20/100]
Evaluation [30/100]
Evaluation [40/100]
Evaluation [50/100]
Evaluation [60/100]
Evaluation [70/100]
Evaluation [80/100]
Finished evaluation at 2023-05-06-12:46:13
Saving dict for global step 8114: acc = 0.5, global_step = 8114, loss = 0.69744664, precision = 0.5, recall = 1.0
Saving 'checkpoint_path' summary for global step 8114: results/model\model.ckpt-8114
global_step/sec: 15.2187
loss = 0.7005377, step = 8201 (6.571 sec)
Saving checkpoints for 8297 into results/model\model.ckpt.
Skip the current checkpoint eval due to throttle secs (10 secs).
global_step/sec: 22.7409
loss = 0.64306915, step = 8301 (4.397 sec)
global_step/sec: 24.9569
loss = 0.6882013, step = 8401 (4.007 sec)
global_step/sec: 24.8241
loss = 0.68873453, step = 8501 (4.028 sec)
Saving checkpoints for 8540 into results/model\model.ckpt.
Calling model_fn.
Done calling model_fn.
Starting evaluation at 2023-05-06T12:46:32Z
Graph was finalized.
Restoring parameters from results/model\model.ckpt-8540
Running local_init_op.
Done running local_init_op.
Evaluation [10/100]
Evaluation [20/100]
Evaluation [30/100]
Evaluation [40/100]
Evaluation [50/100]
Evaluation [60/100]
Evaluation [70/100]
Evaluation [80/100]
Finished evaluation at 2023-05-06-12:46:33
Saving dict for global step 8540: acc = 0.5, global_step = 8540, loss = 0.6946862, precision = 0.5, recall = 1.0
Saving 'checkpoint_path' summary for global step 8540: results/model\model.ckpt-8540
global_step/sec: 15.607
loss = 0.67889136, step = 8601 (6.408 sec)
global_step/sec: 24.415
loss = 0.6885904, step = 8701 (4.096 sec)
Saving checkpoints for 8728 into results/model\model.ckpt.
Calling model_fn.
Done calling model_fn.
Starting evaluation at 2023-05-06T12:46:42Z
Graph was finalized.
Restoring parameters from results/model\model.ckpt-8728
Running local_init_op.
Done running local_init_op.
Evaluation [10/100]
Evaluation [20/100]
Evaluation [30/100]
Evaluation [40/100]
Evaluation [50/100]
Evaluation [60/100]
Evaluation [70/100]
Evaluation [80/100]
Finished evaluation at 2023-05-06-12:46:43
Saving dict for global step 8728: acc = 0.5, global_step = 8728, loss = 0.69936126, precision = 0.5, recall = 1.0
Saving 'checkpoint_path' summary for global step 8728: results/model\model.ckpt-8728
global_step/sec: 15.6522
loss = 0.7036718, step = 8801 (6.388 sec)
global_step/sec: 24.9425
loss = 0.6707252, step = 8901 (4.009 sec)
Saving checkpoints for 8919 into results/model\model.ckpt.
Calling model_fn.
Done calling model_fn.
Starting evaluation at 2023-05-06T12:46:52Z
Graph was finalized.
Restoring parameters from results/model\model.ckpt-8919
Running local_init_op.
Done running local_init_op.
Evaluation [10/100]
Evaluation [20/100]
Evaluation [30/100]
Evaluation [40/100]
Evaluation [50/100]
Evaluation [60/100]
Evaluation [70/100]
Evaluation [80/100]
Finished evaluation at 2023-05-06-12:46:53
Saving dict for global step 8919: acc = 0.5, global_step = 8919, loss = 0.695758, precision = 0.5, recall = 1.0
Saving 'checkpoint_path' summary for global step 8919: results/model\model.ckpt-8919
global_step/sec: 15.7844
loss = 0.74417686, step = 9001 (6.336 sec)
global_step/sec: 23.9925
loss = 0.6881536, step = 9101 (4.167 sec)
Saving checkpoints for 9107 into results/model\model.ckpt.
Calling model_fn.
Done calling model_fn.
Starting evaluation at 2023-05-06T12:47:02Z
Graph was finalized.
Restoring parameters from results/model\model.ckpt-9107
Running local_init_op.
Done running local_init_op.
Evaluation [10/100]
Evaluation [20/100]
Evaluation [30/100]
Evaluation [40/100]
Evaluation [50/100]
Evaluation [60/100]
Evaluation [70/100]
Evaluation [80/100]
Finished evaluation at 2023-05-06-12:47:04
Saving dict for global step 9107: acc = 0.5, global_step = 9107, loss = 0.6973648, precision = 0.5, recall = 1.0
Saving 'checkpoint_path' summary for global step 9107: results/model\model.ckpt-9107
global_step/sec: 15.196
loss = 0.67919815, step = 9201 (6.582 sec)
Saving checkpoints for 9293 into results/model\model.ckpt.
Skip the current checkpoint eval due to throttle secs (10 secs).
global_step/sec: 23.4542
loss = 0.6507057, step = 9301 (4.263 sec)
global_step/sec: 24.7052
loss = 0.6992037, step = 9401 (4.049 sec)
global_step/sec: 24.9755
loss = 0.6825228, step = 9501 (4.004 sec)
Saving checkpoints for 9536 into results/model\model.ckpt.
Calling model_fn.
Done calling model_fn.
Starting evaluation at 2023-05-06T12:47:22Z
Graph was finalized.
Restoring parameters from results/model\model.ckpt-9536
Running local_init_op.
Done running local_init_op.
Evaluation [10/100]
Evaluation [20/100]
Evaluation [30/100]
Evaluation [40/100]
Evaluation [50/100]
Evaluation [60/100]
Evaluation [70/100]
Evaluation [80/100]
Finished evaluation at 2023-05-06-12:47:24
Saving dict for global step 9536: acc = 0.5, global_step = 9536, loss = 0.6942935, precision = 0.5, recall = 1.0
Saving 'checkpoint_path' summary for global step 9536: results/model\model.ckpt-9536
global_step/sec: 15.8832
loss = 0.68815136, step = 9601 (6.296 sec)
global_step/sec: 25.5673
loss = 0.6882135, step = 9701 (3.911 sec)
Saving checkpoints for 9732 into results/model\model.ckpt.
Calling model_fn.
Done calling model_fn.
Starting evaluation at 2023-05-06T12:47:32Z
Graph was finalized.
Restoring parameters from results/model\model.ckpt-9732
Running local_init_op.
Done running local_init_op.
Evaluation [10/100]
Evaluation [20/100]
Evaluation [30/100]
Evaluation [40/100]
Evaluation [50/100]
Evaluation [60/100]
Evaluation [70/100]
Evaluation [80/100]
Finished evaluation at 2023-05-06-12:47:34
Saving dict for global step 9732: acc = 0.5, global_step = 9732, loss = 0.6981369, precision = 0.5, recall = 1.0
Saving 'checkpoint_path' summary for global step 9732: results/model\model.ckpt-9732
global_step/sec: 15.7872
loss = 0.6681067, step = 9801 (6.334 sec)
global_step/sec: 25.4254
loss = 0.6682118, step = 9901 (3.933 sec)
Saving checkpoints for 9925 into results/model\model.ckpt.
Skip the current checkpoint eval due to throttle secs (10 secs).
global_step/sec: 23.5711
loss = 0.7019391, step = 10001 (4.241 sec)
global_step/sec: 24.9732
loss = 0.7385463, step = 10101 (4.005 sec)
Saving checkpoints for 10168 into results/model\model.ckpt.
Calling model_fn.
Done calling model_fn.
Starting evaluation at 2023-05-06T12:47:52Z
Graph was finalized.
Restoring parameters from results/model\model.ckpt-10168
Running local_init_op.
Done running local_init_op.
Evaluation [10/100]
Evaluation [20/100]
Evaluation [30/100]
Evaluation [40/100]
Evaluation [50/100]
Evaluation [60/100]
Evaluation [70/100]
Evaluation [80/100]
Finished evaluation at 2023-05-06-12:47:54
Saving dict for global step 10168: acc = 0.5, global_step = 10168, loss = 0.6949382, precision = 0.5, recall = 1.0
Saving 'checkpoint_path' summary for global step 10168: results/model\model.ckpt-10168
global_step/sec: 15.0581
loss = 0.66637754, step = 10201 (6.640 sec)
global_step/sec: 23.2859
loss = 0.6887157, step = 10301 (4.295 sec)
Saving checkpoints for 10344 into results/model\model.ckpt.
Calling model_fn.
Done calling model_fn.
Starting evaluation at 2023-05-06T12:48:02Z
Graph was finalized.
Restoring parameters from results/model\model.ckpt-10344
Running local_init_op.
Done running local_init_op.
Evaluation [10/100]
Evaluation [20/100]
Evaluation [30/100]
Evaluation [40/100]
Evaluation [50/100]
Evaluation [60/100]
Evaluation [70/100]
Evaluation [80/100]
Finished evaluation at 2023-05-06-12:48:04
Saving dict for global step 10344: acc = 0.5, global_step = 10344, loss = 0.7010286, precision = 0.5, recall = 1.0
Saving 'checkpoint_path' summary for global step 10344: results/model\model.ckpt-10344
global_step/sec: 15.0368
loss = 0.6977458, step = 10401 (6.650 sec)
global_step/sec: 23.8401
loss = 0.68912053, step = 10501 (4.195 sec)
Saving checkpoints for 10524 into results/model\model.ckpt.
Calling model_fn.
Done calling model_fn.
Starting evaluation at 2023-05-06T12:48:12Z
Graph was finalized.
Restoring parameters from results/model\model.ckpt-10524
Running local_init_op.
Done running local_init_op.
Evaluation [10/100]
Evaluation [20/100]
Evaluation [30/100]
Evaluation [40/100]
Evaluation [50/100]
Evaluation [60/100]
Evaluation [70/100]
Evaluation [80/100]
Finished evaluation at 2023-05-06-12:48:14
Saving dict for global step 10524: acc = 0.5, global_step = 10524, loss = 0.6946882, precision = 0.5, recall = 1.0
Saving 'checkpoint_path' summary for global step 10524: results/model\model.ckpt-10524
global_step/sec: 14.8725
loss = 0.63327783, step = 10601 (6.723 sec)
global_step/sec: 23.5134
loss = 0.655892, step = 10701 (4.254 sec)
Saving checkpoints for 10702 into results/model\model.ckpt.
Calling model_fn.
Done calling model_fn.
Starting evaluation at 2023-05-06T12:48:22Z
Graph was finalized.
Restoring parameters from results/model\model.ckpt-10702
Running local_init_op.
Done running local_init_op.
Evaluation [10/100]
Evaluation [20/100]
Evaluation [30/100]
Evaluation [40/100]
Evaluation [50/100]
Evaluation [60/100]
Evaluation [70/100]
Evaluation [80/100]
Finished evaluation at 2023-05-06-12:48:24
Saving dict for global step 10702: acc = 0.5, global_step = 10702, loss = 0.69882077, precision = 0.5, recall = 1.0
Saving 'checkpoint_path' summary for global step 10702: results/model\model.ckpt-10702
global_step/sec: 15.1134
loss = 0.71722996, step = 10801 (6.617 sec)
Saving checkpoints for 10884 into results/model\model.ckpt.
Calling model_fn.
Done calling model_fn.
Starting evaluation at 2023-05-06T12:48:32Z
Graph was finalized.
Restoring parameters from results/model\model.ckpt-10884
Running local_init_op.
Done running local_init_op.
Evaluation [10/100]
Evaluation [20/100]
Evaluation [30/100]
Evaluation [40/100]
Evaluation [50/100]
Evaluation [60/100]
Evaluation [70/100]
Evaluation [80/100]
Finished evaluation at 2023-05-06-12:48:34
Saving dict for global step 10884: acc = 0.5, global_step = 10884, loss = 0.6957817, precision = 0.5, recall = 1.0
Saving 'checkpoint_path' summary for global step 10884: results/model\model.ckpt-10884
global_step/sec: 15.0064
loss = 0.66279495, step = 10901 (6.663 sec)
global_step/sec: 24.051
loss = 0.70205444, step = 11001 (4.159 sec)
Saving checkpoints for 11065 into results/model\model.ckpt.
Calling model_fn.
Done calling model_fn.
Starting evaluation at 2023-05-06T12:48:42Z
Graph was finalized.
Restoring parameters from results/model\model.ckpt-11065
Running local_init_op.
Done running local_init_op.
Evaluation [10/100]
Evaluation [20/100]
Evaluation [30/100]
Evaluation [40/100]
Evaluation [50/100]
Evaluation [60/100]
Evaluation [70/100]
Evaluation [80/100]
Finished evaluation at 2023-05-06-12:48:44
Saving dict for global step 11065: acc = 0.5, global_step = 11065, loss = 0.6976247, precision = 0.5, recall = 1.0
Saving 'checkpoint_path' summary for global step 11065: results/model\model.ckpt-11065
global_step/sec: 15.0978
loss = 0.69575393, step = 11101 (6.624 sec)
global_step/sec: 22.6017
loss = 0.6766815, step = 11201 (4.424 sec)
Saving checkpoints for 11237 into results/model\model.ckpt.
Calling model_fn.
Done calling model_fn.
Starting evaluation at 2023-05-06T12:48:52Z
Graph was finalized.
Restoring parameters from results/model\model.ckpt-11237
Running local_init_op.
Done running local_init_op.
Evaluation [10/100]
Evaluation [20/100]
Evaluation [30/100]
Evaluation [40/100]
Evaluation [50/100]
Evaluation [60/100]
Evaluation [70/100]
Evaluation [80/100]
Finished evaluation at 2023-05-06-12:48:54
Saving dict for global step 11237: acc = 0.5, global_step = 11237, loss = 0.6969151, precision = 0.5, recall = 1.0
Saving 'checkpoint_path' summary for global step 11237: results/model\model.ckpt-11237
global_step/sec: 14.3817
loss = 0.75713956, step = 11301 (6.953 sec)
global_step/sec: 23.7498
loss = 0.7134157, step = 11401 (4.211 sec)
Saving checkpoints for 11412 into results/model\model.ckpt.
Calling model_fn.
Done calling model_fn.
Starting evaluation at 2023-05-06T12:49:02Z
Graph was finalized.
Restoring parameters from results/model\model.ckpt-11412
Running local_init_op.
Done running local_init_op.
Evaluation [10/100]
Evaluation [20/100]
Evaluation [30/100]
Evaluation [40/100]
Evaluation [50/100]
Evaluation [60/100]
Evaluation [70/100]
Evaluation [80/100]
Finished evaluation at 2023-05-06-12:49:04
Saving dict for global step 11412: acc = 0.5, global_step = 11412, loss = 0.69626063, precision = 0.5, recall = 1.0
Saving 'checkpoint_path' summary for global step 11412: results/model\model.ckpt-11412
global_step/sec: 15.6867
loss = 0.6663155, step = 11501 (6.375 sec)
global_step/sec: 25.0677
loss = 0.68879586, step = 11601 (3.989 sec)
Saving checkpoints for 11604 into results/model\model.ckpt.
Skip the current checkpoint eval due to throttle secs (10 secs).
global_step/sec: 23.2474
loss = 0.70972174, step = 11701 (4.301 sec)
global_step/sec: 24.4167
loss = 0.6947823, step = 11801 (4.096 sec)
Saving checkpoints for 11844 into results/model\model.ckpt.
Calling model_fn.
Done calling model_fn.
Starting evaluation at 2023-05-06T12:49:22Z
Graph was finalized.
Restoring parameters from results/model\model.ckpt-11844
Running local_init_op.
Done running local_init_op.
Evaluation [10/100]
Evaluation [20/100]
Evaluation [30/100]
Evaluation [40/100]
Evaluation [50/100]
Evaluation [60/100]
Evaluation [70/100]
Evaluation [80/100]
Finished evaluation at 2023-05-06-12:49:24
Saving dict for global step 11844: acc = 0.5, global_step = 11844, loss = 0.69429016, precision = 0.5, recall = 1.0
Saving 'checkpoint_path' summary for global step 11844: results/model\model.ckpt-11844
global_step/sec: 15.741
loss = 0.6609154, step = 11901 (6.353 sec)
global_step/sec: 24.8182
loss = 0.7252736, step = 12001 (4.030 sec)
Saving checkpoints for 12036 into results/model\model.ckpt.
Calling model_fn.
Done calling model_fn.
Starting evaluation at 2023-05-06T12:49:32Z
Graph was finalized.
Restoring parameters from results/model\model.ckpt-12036
Running local_init_op.
Done running local_init_op.
Evaluation [10/100]
Evaluation [20/100]
Evaluation [30/100]
Evaluation [40/100]
Evaluation [50/100]
Evaluation [60/100]
Evaluation [70/100]
Evaluation [80/100]
Finished evaluation at 2023-05-06-12:49:34
Saving dict for global step 12036: acc = 0.5, global_step = 12036, loss = 0.69829553, precision = 0.5, recall = 1.0
Saving 'checkpoint_path' summary for global step 12036: results/model\model.ckpt-12036
global_step/sec: 16.0526
loss = 0.71083283, step = 12101 (6.230 sec)
global_step/sec: 25.3024
loss = 0.7029225, step = 12201 (3.952 sec)
Saving checkpoints for 12232 into results/model\model.ckpt.
Calling model_fn.
Done calling model_fn.
Starting evaluation at 2023-05-06T12:49:42Z
Graph was finalized.
Restoring parameters from results/model\model.ckpt-12232
Running local_init_op.
Done running local_init_op.
Evaluation [10/100]
Evaluation [20/100]
Evaluation [30/100]
Evaluation [40/100]
Evaluation [50/100]
Evaluation [60/100]
Evaluation [70/100]
Evaluation [80/100]
Finished evaluation at 2023-05-06-12:49:44
Saving dict for global step 12232: acc = 0.5, global_step = 12232, loss = 0.69793534, precision = 0.5, recall = 1.0
Saving 'checkpoint_path' summary for global step 12232: results/model\model.ckpt-12232
global_step/sec: 16.0212
loss = 0.6484021, step = 12301 (6.242 sec)
global_step/sec: 25.3874
loss = 0.7307137, step = 12401 (3.939 sec)
Saving checkpoints for 12429 into results/model\model.ckpt.
Calling model_fn.
Done calling model_fn.
Starting evaluation at 2023-05-06T12:49:52Z
Graph was finalized.
Restoring parameters from results/model\model.ckpt-12429
Running local_init_op.
Done running local_init_op.
Evaluation [10/100]
Evaluation [20/100]
Evaluation [30/100]
Evaluation [40/100]
Evaluation [50/100]
Evaluation [60/100]
Evaluation [70/100]
Evaluation [80/100]
Finished evaluation at 2023-05-06-12:49:54
Saving dict for global step 12429: acc = 0.5, global_step = 12429, loss = 0.6960706, precision = 0.5, recall = 1.0
Saving 'checkpoint_path' summary for global step 12429: results/model\model.ckpt-12429
global_step/sec: 15.9205
loss = 0.6779478, step = 12501 (6.280 sec)
global_step/sec: 25.3453
loss = 0.745993, step = 12601 (3.947 sec)
Saving checkpoints for 12624 into results/model\model.ckpt.
Skip the current checkpoint eval due to throttle secs (10 secs).
global_step/sec: 23.8271
loss = 0.71695423, step = 12701 (4.197 sec)
global_step/sec: 25.8796
loss = 0.71128064, step = 12801 (3.863 sec)
Saving checkpoints for 12875 into results/model\model.ckpt.
Calling model_fn.
Done calling model_fn.
Starting evaluation at 2023-05-06T12:50:12Z
Graph was finalized.
Restoring parameters from results/model\model.ckpt-12875
Running local_init_op.
Done running local_init_op.
Evaluation [10/100]
Evaluation [20/100]
Evaluation [30/100]
Evaluation [40/100]
Evaluation [50/100]
Evaluation [60/100]
Evaluation [70/100]
Evaluation [80/100]
Finished evaluation at 2023-05-06-12:50:14
Saving dict for global step 12875: acc = 0.5, global_step = 12875, loss = 0.6972387, precision = 0.5, recall = 1.0
Saving 'checkpoint_path' summary for global step 12875: results/model\model.ckpt-12875
global_step/sec: 16.3683
loss = 0.6532858, step = 12901 (6.110 sec)
global_step/sec: 25.8702
loss = 0.73800117, step = 13001 (3.865 sec)
Saving checkpoints for 13076 into results/model\model.ckpt.
Calling model_fn.
Done calling model_fn.
Starting evaluation at 2023-05-06T12:50:22Z
Graph was finalized.
Restoring parameters from results/model\model.ckpt-13076
Running local_init_op.
Done running local_init_op.
Evaluation [10/100]
Evaluation [20/100]
Evaluation [30/100]
Evaluation [40/100]
Evaluation [50/100]
Evaluation [60/100]
Evaluation [70/100]
Evaluation [80/100]
Finished evaluation at 2023-05-06-12:50:24
Saving dict for global step 13076: acc = 0.5, global_step = 13076, loss = 0.6963986, precision = 0.5, recall = 1.0
Saving 'checkpoint_path' summary for global step 13076: results/model\model.ckpt-13076
global_step/sec: 16.4844
loss = 0.7022372, step = 13101 (6.065 sec)
global_step/sec: 25.3725
loss = 0.6486515, step = 13201 (3.941 sec)
Saving checkpoints for 13276 into results/model\model.ckpt.
Calling model_fn.
Done calling model_fn.
Starting evaluation at 2023-05-06T12:50:32Z
Graph was finalized.
Restoring parameters from results/model\model.ckpt-13276
Running local_init_op.
Done running local_init_op.
Evaluation [10/100]
Evaluation [20/100]
Evaluation [30/100]
Evaluation [40/100]
Evaluation [50/100]
Evaluation [60/100]
Evaluation [70/100]
Evaluation [80/100]
Finished evaluation at 2023-05-06-12:50:34
Saving dict for global step 13276: acc = 0.5, global_step = 13276, loss = 0.70199525, precision = 0.5, recall = 1.0
Saving 'checkpoint_path' summary for global step 13276: results/model\model.ckpt-13276
global_step/sec: 16.3836
loss = 0.6884257, step = 13301 (6.104 sec)
global_step/sec: 25.5222
loss = 0.7107984, step = 13401 (3.919 sec)
Saving checkpoints for 13471 into results/model\model.ckpt.
Calling model_fn.
Done calling model_fn.
Starting evaluation at 2023-05-06T12:50:42Z
Graph was finalized.
Restoring parameters from results/model\model.ckpt-13471
Running local_init_op.
Done running local_init_op.
Evaluation [10/100]
Evaluation [20/100]
Evaluation [30/100]
Evaluation [40/100]
Evaluation [50/100]
Evaluation [60/100]
Evaluation [70/100]
Evaluation [80/100]
Finished evaluation at 2023-05-06-12:50:44
Saving dict for global step 13471: acc = 0.5, global_step = 13471, loss = 0.6943728, precision = 0.5, recall = 1.0
Saving 'checkpoint_path' summary for global step 13471: results/model\model.ckpt-13471
global_step/sec: 15.7013
loss = 0.68265516, step = 13501 (6.369 sec)
global_step/sec: 26.0904
loss = 0.71745044, step = 13601 (3.833 sec)
Saving checkpoints for 13673 into results/model\model.ckpt.
Calling model_fn.
Done calling model_fn.
Starting evaluation at 2023-05-06T12:50:52Z
Graph was finalized.
Restoring parameters from results/model\model.ckpt-13673
Running local_init_op.
Done running local_init_op.
Evaluation [10/100]
Evaluation [20/100]
Evaluation [30/100]
Evaluation [40/100]
Evaluation [50/100]
Evaluation [60/100]
Evaluation [70/100]
Evaluation [80/100]
Finished evaluation at 2023-05-06-12:50:54
Saving dict for global step 13673: acc = 0.5, global_step = 13673, loss = 0.69810444, precision = 0.5, recall = 1.0
Saving 'checkpoint_path' summary for global step 13673: results/model\model.ckpt-13673
global_step/sec: 16.6603
loss = 0.69648033, step = 13701 (6.003 sec)
global_step/sec: 26.0087
loss = 0.6946229, step = 13801 (3.843 sec)
Saving checkpoints for 13876 into results/model\model.ckpt.
Calling model_fn.
Done calling model_fn.
Starting evaluation at 2023-05-06T12:51:02Z
Graph was finalized.
Restoring parameters from results/model\model.ckpt-13876
Running local_init_op.
Done running local_init_op.
Evaluation [10/100]
Evaluation [20/100]
Evaluation [30/100]
Evaluation [40/100]
Evaluation [50/100]
Evaluation [60/100]
Evaluation [70/100]
Evaluation [80/100]
Finished evaluation at 2023-05-06-12:51:04
Saving dict for global step 13876: acc = 0.5, global_step = 13876, loss = 0.6990968, precision = 0.5, recall = 1.0
Saving 'checkpoint_path' summary for global step 13876: results/model\model.ckpt-13876
global_step/sec: 16.4961
loss = 0.6885599, step = 13901 (6.063 sec)
global_step/sec: 26.1269
loss = 0.70900524, step = 14001 (3.826 sec)
Saving checkpoints for 14080 into results/model\model.ckpt.
Calling model_fn.
Done calling model_fn.
Starting evaluation at 2023-05-06T12:51:12Z
Graph was finalized.
Restoring parameters from results/model\model.ckpt-14080
Running local_init_op.
Done running local_init_op.
Evaluation [10/100]
Evaluation [20/100]
Evaluation [30/100]
Evaluation [40/100]
Evaluation [50/100]
Evaluation [60/100]
Evaluation [70/100]
Evaluation [80/100]
Finished evaluation at 2023-05-06-12:51:14
Saving dict for global step 14080: acc = 0.5, global_step = 14080, loss = 0.695201, precision = 0.5, recall = 1.0
Saving 'checkpoint_path' summary for global step 14080: results/model\model.ckpt-14080
global_step/sec: 16.4466
loss = 0.6891104, step = 14101 (6.080 sec)
global_step/sec: 26.0591
loss = 0.6260148, step = 14201 (3.838 sec)
Saving checkpoints for 14283 into results/model\model.ckpt.
Calling model_fn.
Done calling model_fn.
Starting evaluation at 2023-05-06T12:51:22Z
Graph was finalized.
Restoring parameters from results/model\model.ckpt-14283
Running local_init_op.
Done running local_init_op.
Evaluation [10/100]
Evaluation [20/100]
Evaluation [30/100]
Evaluation [40/100]
Evaluation [50/100]
Evaluation [60/100]
Evaluation [70/100]
Evaluation [80/100]
Finished evaluation at 2023-05-06-12:51:24
Saving dict for global step 14283: acc = 0.5, global_step = 14283, loss = 0.7016068, precision = 0.5, recall = 1.0
Saving 'checkpoint_path' summary for global step 14283: results/model\model.ckpt-14283
global_step/sec: 16.5559
loss = 0.6883572, step = 14301 (6.040 sec)
global_step/sec: 26.4203
loss = 0.71151763, step = 14401 (3.785 sec)
Saving checkpoints for 14490 into results/model\model.ckpt.
Calling model_fn.
Done calling model_fn.
Starting evaluation at 2023-05-06T12:51:32Z
Graph was finalized.
Restoring parameters from results/model\model.ckpt-14490
Running local_init_op.
Done running local_init_op.
Evaluation [10/100]
Evaluation [20/100]
Evaluation [30/100]
Evaluation [40/100]
Evaluation [50/100]
Evaluation [60/100]
Evaluation [70/100]
Evaluation [80/100]
Finished evaluation at 2023-05-06-12:51:34
Saving dict for global step 14490: acc = 0.5, global_step = 14490, loss = 0.69562614, precision = 0.5, recall = 1.0
Saving 'checkpoint_path' summary for global step 14490: results/model\model.ckpt-14490
global_step/sec: 16.6174
loss = 0.68036956, step = 14501 (6.017 sec)
global_step/sec: 26.296
loss = 0.67539924, step = 14601 (3.804 sec)
Saving checkpoints for 14695 into results/model\model.ckpt.
Calling model_fn.
Done calling model_fn.
Starting evaluation at 2023-05-06T12:51:42Z
Graph was finalized.
Restoring parameters from results/model\model.ckpt-14695
Running local_init_op.
Done running local_init_op.
Evaluation [10/100]
Evaluation [20/100]
Evaluation [30/100]
Evaluation [40/100]
Evaluation [50/100]
Evaluation [60/100]
Evaluation [70/100]
Evaluation [80/100]
Finished evaluation at 2023-05-06-12:51:44
Saving dict for global step 14695: acc = 0.5, global_step = 14695, loss = 0.6960031, precision = 0.5, recall = 1.0
Saving 'checkpoint_path' summary for global step 14695: results/model\model.ckpt-14695
global_step/sec: 16.6447
loss = 0.69586664, step = 14701 (6.007 sec)
global_step/sec: 26.7202
loss = 0.6778072, step = 14801 (3.743 sec)
global_step/sec: 26.6883
loss = 0.634285, step = 14901 (3.746 sec)
Saving checkpoints for 14904 into results/model\model.ckpt.
Calling model_fn.
Done calling model_fn.
Starting evaluation at 2023-05-06T12:51:53Z
Graph was finalized.
Restoring parameters from results/model\model.ckpt-14904
Running local_init_op.
Done running local_init_op.
Evaluation [10/100]
Evaluation [20/100]
Evaluation [30/100]
Evaluation [40/100]
Evaluation [50/100]
Evaluation [60/100]
Evaluation [70/100]
Evaluation [80/100]
Finished evaluation at 2023-05-06-12:51:54
Saving dict for global step 14904: acc = 0.5, global_step = 14904, loss = 0.7025744, precision = 0.5, recall = 1.0
Saving 'checkpoint_path' summary for global step 14904: results/model\model.ckpt-14904
global_step/sec: 16.6749
loss = 0.68814087, step = 15001 (5.998 sec)
global_step/sec: 26.5315
loss = 0.6945306, step = 15101 (3.768 sec)
Saving checkpoints for 15111 into results/model\model.ckpt.
Calling model_fn.
Done calling model_fn.
Starting evaluation at 2023-05-06T12:52:03Z
Graph was finalized.
Restoring parameters from results/model\model.ckpt-15111
Running local_init_op.
Done running local_init_op.
Evaluation [10/100]
Evaluation [20/100]
Evaluation [30/100]
Evaluation [40/100]
Evaluation [50/100]
Evaluation [60/100]
Evaluation [70/100]
Evaluation [80/100]
Finished evaluation at 2023-05-06-12:52:04
Saving dict for global step 15111: acc = 0.5, global_step = 15111, loss = 0.694426, precision = 0.5, recall = 1.0
Saving 'checkpoint_path' summary for global step 15111: results/model\model.ckpt-15111
global_step/sec: 16.5447
loss = 0.70036113, step = 15201 (6.044 sec)
global_step/sec: 26.5587
loss = 0.6779238, step = 15301 (3.766 sec)
Saving checkpoints for 15317 into results/model\model.ckpt.
Calling model_fn.
Done calling model_fn.
Starting evaluation at 2023-05-06T12:52:13Z
Graph was finalized.
Restoring parameters from results/model\model.ckpt-15317
Running local_init_op.
Done running local_init_op.
Evaluation [10/100]
Evaluation [20/100]
Evaluation [30/100]
Evaluation [40/100]
Evaluation [50/100]
Evaluation [60/100]
Evaluation [70/100]
Evaluation [80/100]
Finished evaluation at 2023-05-06-12:52:14
Saving dict for global step 15317: acc = 0.5, global_step = 15317, loss = 0.6977833, precision = 0.5, recall = 1.0
Saving 'checkpoint_path' summary for global step 15317: results/model\model.ckpt-15317
global_step/sec: 16.7675
loss = 0.7067544, step = 15401 (5.964 sec)
global_step/sec: 26.581
loss = 0.64714015, step = 15501 (3.761 sec)
Saving checkpoints for 15525 into results/model\model.ckpt.
Calling model_fn.
Done calling model_fn.
Starting evaluation at 2023-05-06T12:52:23Z
Graph was finalized.
Restoring parameters from results/model\model.ckpt-15525
Running local_init_op.
Done running local_init_op.
Evaluation [10/100]
Evaluation [20/100]
Evaluation [30/100]
Evaluation [40/100]
Evaluation [50/100]
Evaluation [60/100]
Evaluation [70/100]
Evaluation [80/100]
Finished evaluation at 2023-05-06-12:52:24
Saving dict for global step 15525: acc = 0.5, global_step = 15525, loss = 0.69947815, precision = 0.5, recall = 1.0
Saving 'checkpoint_path' summary for global step 15525: results/model\model.ckpt-15525
global_step/sec: 16.8766
loss = 0.71549517, step = 15601 (5.926 sec)
global_step/sec: 26.411
loss = 0.68867576, step = 15701 (3.786 sec)
Saving checkpoints for 15733 into results/model\model.ckpt.
Skip the current checkpoint eval due to throttle secs (10 secs).
global_step/sec: 25.2856
loss = 0.6954716, step = 15801 (3.955 sec)
global_step/sec: 26.7963
loss = 0.5849105, step = 15901 (3.731 sec)
Saving checkpoints for 15994 into results/model\model.ckpt.
Calling model_fn.
Done calling model_fn.
Starting evaluation at 2023-05-06T12:52:43Z
Graph was finalized.
Restoring parameters from results/model\model.ckpt-15994
Running local_init_op.
Done running local_init_op.
Evaluation [10/100]
Evaluation [20/100]
Evaluation [30/100]
Evaluation [40/100]
Evaluation [50/100]
Evaluation [60/100]
Evaluation [70/100]
Evaluation [80/100]
Finished evaluation at 2023-05-06-12:52:44
Saving dict for global step 15994: acc = 0.5, global_step = 15994, loss = 0.6984204, precision = 0.5, recall = 1.0
Saving 'checkpoint_path' summary for global step 15994: results/model\model.ckpt-15994
global_step/sec: 16.7932
loss = 0.7174125, step = 16001 (5.956 sec)
global_step/sec: 26.284
loss = 0.6942081, step = 16101 (3.804 sec)
Saving checkpoints for 16184 into results/model\model.ckpt.
Calling model_fn.
Done calling model_fn.
Starting evaluation at 2023-05-06T12:52:53Z
Graph was finalized.
Restoring parameters from results/model\model.ckpt-16184
Running local_init_op.
Done running local_init_op.
Evaluation [10/100]
Evaluation [20/100]
Evaluation [30/100]
Evaluation [40/100]
Evaluation [50/100]
Evaluation [60/100]
Evaluation [70/100]
Evaluation [80/100]
Finished evaluation at 2023-05-06-12:52:54
Saving dict for global step 16184: acc = 0.5, global_step = 16184, loss = 0.6996573, precision = 0.5, recall = 1.0
Saving 'checkpoint_path' summary for global step 16184: results/model\model.ckpt-16184
global_step/sec: 14.5933
loss = 0.6497912, step = 16201 (6.853 sec)
global_step/sec: 27.2637
loss = 0.69818056, step = 16301 (3.667 sec)
Saving checkpoints for 16391 into results/model\model.ckpt.
Skip the current checkpoint eval due to throttle secs (10 secs).
global_step/sec: 25.6639
loss = 0.7182069, step = 16401 (3.898 sec)
Saving checkpoints for 16418 into results/model\model.ckpt.
Calling model_fn.
Done calling model_fn.
Starting evaluation at 2023-05-06T12:53:04Z
Graph was finalized.
Restoring parameters from results/model\model.ckpt-16418
Running local_init_op.
Done running local_init_op.
Evaluation [10/100]
Evaluation [20/100]
Evaluation [30/100]
Evaluation [40/100]
Evaluation [50/100]
Evaluation [60/100]
Evaluation [70/100]
Evaluation [80/100]
Finished evaluation at 2023-05-06-12:53:05
Saving dict for global step 16418: acc = 0.5, global_step = 16418, loss = 0.69439304, precision = 0.5, recall = 1.0
Saving 'checkpoint_path' summary for global step 16418: results/model\model.ckpt-16418
Loss for final step: 0.68438363.
Calling model_fn.
Done calling model_fn.
Graph was finalized.
Restoring parameters from results/model\model.ckpt-16418
Running local_init_op.
Done running local_init_op.
Calling model_fn.
Done calling model_fn.
Graph was finalized.
Restoring parameters from results/model\model.ckpt-16418
Running local_init_op.
Done running local_init_op.
